1618223723770	geckodriver	INFO	Listening on 127.0.0.1:52621
1618223726801	mozrunner::runner	INFO	Running command: "C:\\Program Files\\Mozilla Firefox\\firefox.exe" "--marionette" "-foreground" "-no-remote" "-profile" "C:\\Users\\rubyk\\AppData\\Local\\Temp\\rust_mozprofilepvkWL5"
console.warn: SearchSettings: "get: No settings file exists, new profile?" (new Error("", "(unknown module)"))
console.warn: SearchSettings: "get: No settings file exists, new profile?" (new Error("", "(unknown module)"))
1618223731631	Marionette	INFO	Listening on port 52629
1618223731700	Marionette	WARN	TLS certificate errors will be ignored for this session
1618223731722	Marionette	ERROR	[15] No reply from Marionette:Register
JavaScript warning: http://localhost/avactis/avactis-system/admin/signin.php, line 1: unreachable code after return statement
JavaScript warning: http://localhost/avactis/avactis-system/admin/signin.php, line 1: unreachable code after return statement
1618223772898	Marionette	INFO	Stopped listening on port 52629

###!!! [Child][RunMessage] Error: Channel closing: too late to send/recv, messages will be lost

1618223774492	geckodriver	INFO	Listening on 127.0.0.1:52740
1618223777534	mozrunner::runner	INFO	Running command: "C:\\Program Files\\Mozilla Firefox\\firefox.exe" "--marionette" "-foreground" "-no-remote" "-profile" "C:\\Users\\rubyk\\AppData\\Local\\Temp\\rust_mozprofilemFkfBu"
console.warn: SearchSettings: "get: No settings file exists, new profile?" (new Error("", "(unknown module)"))
1618223780952	Marionette	INFO	Listening on port 52749
console.warn: SearchSettings: "get: No settings file exists, new profile?" (new Error("", "(unknown module)"))
1618223781297	Marionette	WARN	TLS certificate errors will be ignored for this session
1618223781318	Marionette	ERROR	[15] No reply from Marionette:Register
JavaScript error: https://platform.twitter.com/widgets/widget_iframe.e16c6ecf9d86005b77fc7c17beced5d8.html?origin=http%3A%2F%2Flocalhost, line 18: Error: Network error.
JavaScript error: https://platform.twitter.com/widgets/widget_iframe.e16c6ecf9d86005b77fc7c17beced5d8.html?origin=http%3A%2F%2Flocalhost, line 18: Error: Network error.
JavaScript error: , line 0: NotFoundError: No such JSWindowActor 'MarionetteEvents'
JavaScript error: , line 0: NotFoundError: No such JSWindowActor 'MarionetteEvents'
JavaScript warning: http://localhost/Avactis/checkout.php, line 560: unreachable code after return statement
1618223815422	Marionette	INFO	Stopped listening on port 52749

###!!! [Child][RunMessage] Error: Channel closing: too late to send/recv, messages will be lost


###!!! [Child][RunMessage] Error: Channel closing: too late to send/recv, messages will be lost

1618223816308	geckodriver	INFO	Listening on 127.0.0.1:52842
1618223819324	mozrunner::runner	INFO	Running command: "C:\\Program Files\\Mozilla Firefox\\firefox.exe" "--marionette" "-foreground" "-no-remote" "-profile" "C:\\Users\\rubyk\\AppData\\Local\\Temp\\rust_mozprofileq1SONK"
console.warn: SearchSettings: "get: No settings file exists, new profile?" (new Error("", "(unknown module)"))
console.warn: SearchSettings: "get: No settings file exists, new profile?" (new Error("", "(unknown module)"))
1618223822593	Marionette	INFO	Listening on port 52850
1618223823042	Marionette	WARN	TLS certificate errors will be ignored for this session
1618223823059	Marionette	ERROR	[15] No reply from Marionette:Register
JavaScript error: https://platform.twitter.com/widgets/widget_iframe.e16c6ecf9d86005b77fc7c17beced5d8.html?origin=http%3A%2F%2Flocalhost, line 18: Error: Network error.
JavaScript error: https://platform.twitter.com/widgets/widget_iframe.e16c6ecf9d86005b77fc7c17beced5d8.html?origin=http%3A%2F%2Flocalhost, line 18: Error: Network error.
1618223834894	Marionette	INFO	Stopped listening on port 52850

###!!! [Child][MessageChannel] Error: (msgtype=0x5B000A,name=PHttpChannel::Msg_DeletingChannel) Channel closing: too late to send/recv, messages will be lost


###!!! [Child][MessageChannel] Error: (msgtype=0x5B000A,name=PHttpChannel::Msg_DeletingChannel) Channel closing: too late to send/recv, messages will be lost


###!!! [Child][MessageChannel] Error: (msgtype=0x3A0144,name=PContent::Msg_ScriptError) Channel closing: too late to send/recv, messages will be lost


###!!! [Child][RunMessage] Error: Channel closing: too late to send/recv, messages will be lost

1618223835808	geckodriver	INFO	Listening on 127.0.0.1:52926
1618223838826	mozrunner::runner	INFO	Running command: "C:\\Program Files\\Mozilla Firefox\\firefox.exe" "--marionette" "-foreground" "-no-remote" "-profile" "C:\\Users\\rubyk\\AppData\\Local\\Temp\\rust_mozprofileU0nEkC"
console.warn: SearchSettings: "get: No settings file exists, new profile?" (new Error("", "(unknown module)"))
console.warn: SearchSettings: "get: No settings file exists, new profile?" (new Error("", "(unknown module)"))
1618223842351	Marionette	INFO	Listening on port 52934
1618223842553	Marionette	WARN	TLS certificate errors will be ignored for this session
1618223842576	Marionette	ERROR	[15] No reply from Marionette:Register
JavaScript warning: http://localhost/avactis/avactis-system/admin/signin.php, line 1: unreachable code after return statement
console.log: WebExtensions: reset-default-search: No addons in our list are installed.
1618225781455	Marionette	INFO	Stopped listening on port 52934
firefox.exe" "--marionette" "-foreground" "-no-remote" "-profile" "C:\\Users\\rubyk\\AppData\\Local\\Temp\\rust_mozprofilet9EPSo"
console.warn: SearchSettings: "get: No settings file exists, new profile?" (new Error("", "(unknown module)"))
console.warn: SearchSettings: "get: No settings file exists, new profile?" (new Error("", "(unknown module)"))
1618223872746	Marionette	INFO	Listening on port 53041
1618223873240	Marionette	WARN	TLS certificate errors will be ignored for this session
1618223873261	Marionette	ERROR	[15] No reply from Marionette:Register
JavaScript error: https://platform.twitter.com/widgets/widget_iframe.e16c6ecf9d86005b77fc7c17beced5d8.html?origin=http%3A%2F%2Flocalhost, line 18: Error: Network error.
JavaScript error: https://platform.twitter.com/widgets/widget_iframe.e16c6ecf9d86005b77fc7c17beced5d8.html?origin=http%3A%2F%2Flocalhost, line 18: Error: Network error.
JavaScript error: https://platform.twitter.com/widgets/widget_iframe.e16c6ecf9d86005b77fc7c17beced5d8.html?origin=http%3A%2F%2Flocalhost, line 18: Error: Network error.
JavaScript error: https://platform.twitter.com/widgets/widget_iframe.e16c6ecf9d86005b77fc7c17beced5d8.html?origin=http%3A%2F%2Flocalhost, line 18: Error: Network error.
1618223898456	Marionette	INFO	Stopped listening on port 53041

###!!! [Child][RunMessage] Error: Channel closing: too late to send/recv, messages will be lost

1618223899231	geckodriver	INFO	Listening on 127.0.0.1:53143
1618223902261	mozrunner::runner	INFO	Running command: "C:\\Program Files\\Mozilla Firefox\\firefox.exe" "--marionette" "-foreground" "-no-remote" "-profile" "C:\\Users\\rubyk\\AppData\\Local\\Temp\\rust_mozprofile3M5F8l"
console.warn: SearchSettings: "get: No settings file exists, new profile?" (new Error("", "(unknown module)"))
console.warn: SearchSettings: "get: No settings file exists, new profile?" (new Error("", "(unknown module)"))
1618223906104	Marionette	INFO	Listening on port 53155
1618223906490	Marionette	WARN	TLS certificate errors will be ignored for this session
1618223906508	Marionette	ERROR	[15] No reply from Marionette:Register
JavaScript error: https://platform.twitter.com/widgets/widget_iframe.e16c6ecf9d86005b77fc7c17beced5d8.html?origin=http%3A%2F%2Flocalhost, line 18: Error: Network error.
JavaScript error: https://platform.twitter.com/widgets/widget_iframe.e16c6ecf9d86005b77fc7c17beced5d8.html?origin=http%3A%2F%2Flocalhost, line 18: Error: Network error.
JavaScript error: https://platform.twitter.com/widgets/widget_iframe.e16c6ecf9d86005b77fc7c17beced5d8.html?origin=http%3A%2F%2Flocalhost, line 18: Error: Network error.
JavaScript error: https://platform.twitter.com/widgets/widget_iframe.e16c6ecf9d86005b77fc7c17beced5d8.html?origin=http%3A%2F%2Flocalhost, line 18: Error: Network error.
JavaScript error: https://platform.twitter.com/widgets/widget_iframe.e16c6ecf9d86005b77fc7c17beced5d8.html?origin=http%3A%2F%2Flocalhost, line 18: Error: Network error.
JavaScript error: https://platform.twitter.com/widgets/widget_iframe.e16c6ecf9d86005b77fc7c17beced5d8.html?origin=http%3A%2F%2Flocalhost, line 18: Error: Network error.
JavaScript error: https://platform.twitter.com/widgets/widget_iframe.e16c6ecf9d86005b77fc7c17beced5d8.html?origin=http%3A%2F%2Flocalhost, line 18: Error: Network error.
JavaScript error: https://platform.twitter.com/widgets/widget_iframe.e16c6ecf9d86005b77fc7c17beced5d8.html?origin=http%3A%2F%2Flocalhost, line 18: Error: Network error.
JavaScript error: https://platform.twitter.com/widgets/widget_iframe.e16c6ecf9d86005b77fc7c17beced5d8.html?origin=http%3A%2F%2Flocalhost, line 18: Error: Network error.
JavaScript error: https://platform.twitter.com/widgets/widget_iframe.e16c6ecf9d86005b77fc7c17beced5d8.html?origin=http%3A%2F%2Flocalhost, line 18: Error: Network error.
JavaScript error: https://platform.twitter.com/widgets/widget_iframe.e16c6ecf9d86005b77fc7c17beced5d8.html?origin=http%3A%2F%2Flocalhost, line 18: Error: Network error.
JavaScript error: https://platform.twitter.com/widgets/widget_iframe.e16c6ecf9d86005b77fc7c17beced5d8.html?origin=http%3A%2F%2Flocalhost, line 18: Error: Network error.
JavaScript error: https://platform.twitter.com/widgets/widget_iframe.e16c6ecf9d86005b77fc7c17beced5d8.html?origin=http%3A%2F%2Flocalhost, line 18: Error: Network error.
JavaScript warning: http://localhost/Avactis/checkout.php, line 616: unreachable code after return statement
console.log: WebExtensions: reset-default-search: No addons in our list are installed.
1618225780321	Marionette	INFO	Stopped listening on port 53155
firefox.exe" "--marionette" "-foreground" "-no-remote" "-profile" "C:\\Users\\rubyk\\AppData\\Local\\Temp\\rust_mozprofileWjYgYO"
console.warn: SearchSettings: "get: No settings file exists, new profile?" (new Error("", "(unknown module)"))
console.warn: SearchSettings: "get: No settings file exists, new profile?" (new Error("", "(unknown module)"))
1618223994344	Marionette	INFO	Listening on port 53326
1618223994588	Marionette	WARN	TLS certificate errors will be ignored for this session
1618223994607	Marionette	ERROR	[15] No reply from Marionette:Register
JavaScript error: https://platform.twitter.com/widgets/widget_iframe.e16c6ecf9d86005b77fc7c17beced5d8.html?origin=http%3A%2F%2Flocalhost, line 18: Error: Network error.
JavaScript error: https://platform.twitter.com/widgets/widget_iframe.e16c6ecf9d86005b77fc7c17beced5d8.html?origin=http%3A%2F%2Flocalhost, line 18: Error: Network error.
JavaScript error: https://platform.twitter.com/widgets/widget_iframe.e16c6ecf9d86005b77fc7c17beced5d8.html?origin=http%3A%2F%2Flocalhost, line 18: Error: Network error.
JavaScript error: https://platform.twitter.com/widgets/widget_iframe.e16c6ecf9d86005b77fc7c17beced5d8.html?origin=http%3A%2F%2Flocalhost, line 18: Error: Network error.
JavaScript error: https://platform.twitter.com/widgets/widget_iframe.e16c6ecf9d86005b77fc7c17beced5d8.html?origin=http%3A%2F%2Flocalhost, line 18: Error: Network error.
JavaScript error: https://platform.twitter.com/widgets/widget_iframe.e16c6ecf9d86005b77fc7c17beced5d8.html?origin=http%3A%2F%2Flocalhost, line 18: Error: Network error.
JavaScript error: https://platform.twitter.com/widgets/widget_iframe.e16c6ecf9d86005b77fc7c17beced5d8.html?origin=http%3A%2F%2Flocalhost, line 18: Error: Network error.
JavaScript error: https://platform.twitter.com/widgets/widget_iframe.e16c6ecf9d86005b77fc7c17beced5d8.html?origin=http%3A%2F%2Flocalhost, line 18: Error: Network error.
JavaScript error: https://platform.twitter.com/widgets/widget_iframe.e16c6ecf9d86005b77fc7c17beced5d8.html?origin=http%3A%2F%2Flocalhost, line 18: Error: Network error.
JavaScript error: https://platform.twitter.com/widgets/widget_iframe.e16c6ecf9d86005b77fc7c17beced5d8.html?origin=http%3A%2F%2Flocalhost, line 18: Error: Network error.
console.log: WebExtensions: reset-default-search: No addons in our list are installed.
1618225779412	Marionette	INFO	Stopped listening on port 53326
1618253044437	geckodriver	INFO	Listening on 127.0.0.1:62057
1618253047468	mozrunner::runner	INFO	Running command: "C:\\Program Files\\Mozilla Firefox\\firefox.exe" "--marionette" "-foreground" "-no-remote" "-profile" "C:\\Users\\rubyk\\AppData\\Local\\Temp\\rust_mozprofileGiZNU2"
console.warn: SearchSettings: "get: No settings file exists, new profile?" (new Error("", "(unknown module)"))
1618253054566	Marionette	INFO	Listening on port 62067
1618253054820	Marionette	WARN	TLS certificate errors will be ignored for this session
console.warn: SearchSettings: "get: No settings file exists, new profile?" (new Error("", "(unknown module)"))
1618253054860	Marionette	ERROR	[15] No reply from Marionette:Register
JavaScript warning: http://localhost/avactis/avactis-system/admin/signin.php, line 1: unreachable code after return statement
1618253251549	Marionette	INFO	Stopped listening on port 62067
8253174144	mozrunner::runner	INFO	Running command: "C:\\Program Files\\Mozilla Firefox\\firefox.exe" "--marionette" "-foreground" "-no-remote" "-profile" "C:\\Users\\rubyk\\AppData\\Local\\Temp\\rust_mozprofileowcpST"
console.warn: SearchSettings: "get: No settings file exists, new profile?" (new Error("", "(unknown module)"))
console.warn: SearchSettings: "get: No settings file exists, new profile?" (new Error("", "(unknown module)"))
1618253180007	Marionette	INFO	Listening on port 62279
1618253180101	Marionette	WARN	TLS certificate errors will be ignored for this session
1618253180133	Marionette	ERROR	[15] No reply from Marionette:Register
JavaScript warning: http://localhost/avactis/avactis-system/admin/signin.php, line 1: unreachable code after return statement
1618253248184	Marionette	INFO	Stopped listening on port 62279

###!!! [Child][RunMessage] Error: Channel closing: too late to send/recv, messages will be lost

1618253332874	geckodriver	INFO	Listening on 127.0.0.1:62483
1618253335936	mozrunner::runner	INFO	Running command: "C:\\Program Files\\Mozilla Firefox\\firefox.exe" "--marionette" "-foreground" "-no-remote" "-profile" "C:\\Users\\rubyk\\AppData\\Local\\Temp\\rust_mozprofileD1zrm2"
console.warn: SearchSettings: "get: No settings file exists, new profile?" (new Error("", "(unknown module)"))
console.warn: SearchSettings: "get: No settings file exists, new profile?" (new Error("", "(unknown module)"))
1618253341235	Marionette	INFO	Listening on port 62493
1618253341349	Marionette	WARN	TLS certificate errors will be ignored for this session
1618253341381	Marionette	ERROR	[15] No reply from Marionette:Register
JavaScript warning: http://localhost/avactis/avactis-system/admin/signin.php, line 1: unreachable code after return statement
console.log: WebExtensions: reset-default-search: No addons in our list are installed.
1618256315125	Marionette	INFO	Stopped listening on port 62493
firefox.exe" "--marionette" "-foreground" "-no-remote" "-profile" "C:\\Users\\rubyk\\AppData\\Local\\Temp\\rust_mozprofileMPzqCg"
console.warn: SearchSettings: "get: No settings file exists, new profile?" (new Error("", "(unknown module)"))
console.warn: SearchSettings: "get: No settings file exists, new profile?" (new Error("", "(unknown module)"))
1618253551272	Marionette	INFO	Listening on port 62787
1618253551675	Marionette	WARN	TLS certificate errors will be ignored for this session
1618253551707	Marionette	ERROR	[15] No reply from Marionette:Register
JavaScript warning: http://localhost/avactis/avactis-system/admin/signin.php, line 1: unreachable code after return statement
console.log: WebExtensions: reset-default-search: No addons in our list are installed.
1618256317335	Marionette	INFO	Stopped listening on port 62787
1621346565649	geckodriver	INFO	Listening on 127.0.0.1:56358
1621346568712	mozrunner::runner	INFO	Running command: "C:\\Program Files\\Mozilla Firefox\\firefox.exe" "--marionette" "-foreground" "-no-remote" "-profile" "C:\\Users\\rubyk\\AppData\\Local\\Temp\\rust_mozprofileuc3Blc"
console.warn: SearchSettings: "get: No settings file exists, new profile?" (new Error("", "(unknown module)"))
console.warn: SearchSettings: "get: No settings file exists, new profile?" (new Error("", "(unknown module)"))
1621346574270	Marionette	INFO	Listening on port 56368
1621346574697	Marionette	WARN	TLS certificate errors will be ignored for this session
1621346574719	Marionette	ERROR	[15] No reply from Marionette:Register
JavaScript warning: http://localhost/avactis/avactis-system/admin/signin.php, line 1: unreachable code after return statement
JavaScript warning: http://localhost/avactis/avactis-system/admin/signin.php, line 1: unreachable code after return statement
1621346616513	Marionette	INFO	Stopped listening on port 56368

###!!! [Child][RunMessage] Error: Channel closing: too late to send/recv, messages will be lost

1621346618201	geckodriver	INFO	Listening on 127.0.0.1:56465
1621346621232	mozrunner::runner	INFO	Running command: "C:\\Program Files\\Mozilla Firefox\\firefox.exe" "--marionette" "-foreground" "-no-remote" "-profile" "C:\\Users\\rubyk\\AppData\\Local\\Temp\\rust_mozprofileYXEAdo"
console.warn: SearchSettings: "get: No settings file exists, new profile?" (new Error("", "(unknown module)"))
console.warn: SearchSettings: "get: No settings file exists, new profile?" (new Error("", "(unknown module)"))
1621346624783	Marionette	INFO	Listening on port 56474
1621346624981	Marionette	WARN	TLS certificate errors will be ignored for this session
1621346625007	Marionette	ERROR	[15] No reply from Marionette:Register
JavaScript error: https://platform.twitter.com/widgets/widget_iframe.06c6ee58c3810956b7509218508c7b56.html?origin=http%3A%2F%2Flocalhost, line 18: Error: Network error.
JavaScript error: https://platform.twitter.com/widgets/widget_iframe.06c6ee58c3810956b7509218508c7b56.html?origin=http%3A%2F%2Flocalhost, line 18: Error: Network error.
JavaScript warning: http://localhost/Avactis/checkout.php, line 560: unreachable code after return statement
1621346663408	Marionette	INFO	Stopped listening on port 56474

###!!! [Child][MessageChannel] Error: (msgtype=0x5B000A,name=PHttpChannel::Msg_DeletingChannel) Channel closing: too late to send/recv, messages will be lost


###!!! [Child][RunMessage] Error: Channel closing: too late to send/recv, messages will be lost

1621346664196	geckodriver	INFO	Listening on 127.0.0.1:56568
1621346667227	mozrunner::runner	INFO	Running command: "C:\\Program Files\\Mozilla Firefox\\firefox.exe" "--marionette" "-foreground" "-no-remote" "-profile" "C:\\Users\\rubyk\\AppData\\Local\\Temp\\rust_mozprofilePL6J9n"
console.warn: SearchSettings: "get: No settings file exists, new profile?" (new Error("", "(unknown module)"))
1621346670410	Marionette	INFO	Listening on port 56576
1621346670447	Marionette	WARN	TLS certificate errors will be ignored for this session
1621346670470	Marionette	ERROR	[15] No reply from Marionette:Register
console.warn: SearchSettings: "get: No settings file exists, new profile?" (new Error("", "(unknown module)"))
JavaScript error: https://platform.twitter.com/widgets/widget_iframe.06c6ee58c3810956b7509218508c7b56.html?origin=http%3A%2F%2Flocalhost, line 18: Error: Network error.
JavaScript error: https://platform.twitter.com/widgets/widget_iframe.06c6ee58c3810956b7509218508c7b56.html?origin=http%3A%2F%2Flocalhost, line 18: Error: Network error.
1621346682852	Marionette	INFO	Stopped listening on port 56576
JavaScript error: http://localhost/Avactis/avactis-themes/metro/js/js.combined.3df312f71b728c30087786c5003525b7.js, line 3: TypeError: a.ownerDocument.defaultView is null

###!!! [Child][RunMessage] Error: Channel closing: too late to send/recv, messages will be lost

1621346683661	geckodriver	INFO	Listening on 127.0.0.1:56646
1621346686723	mozrunner::runner	INFO	Running command: "C:\\Program Files\\Mozilla Firefox\\firefox.exe" "--marionette" "-foreground" "-no-remote" "-profile" "C:\\Users\\rubyk\\AppData\\Local\\Temp\\rust_mozprofilecF1B3J"
console.warn: SearchSettings: "get: No settings file exists, new profile?" (new Error("", "(unknown module)"))
1621346689866	Marionette	INFO	Listening on port 56654
1621346689915	Marionette	WARN	TLS certificate errors will be ignored for this session
1621346689932	Marionette	ERROR	[15] No reply from Marionette:Register
console.warn: SearchSettings: "get: No settings file exists, new profile?" (new Error("", "(unknown module)"))
JavaScript warning: http://localhost/avactis/avactis-system/admin/signin.php, line 1: unreachable code after return statement
console.log: WebExtensions: reset-default-search: No addons in our list are installed.
1621347327531	Marionette	INFO	Stopped listening on port 56654
firefox.exe" "--marionette" "-foreground" "-no-remote" "-profile" "C:\\Users\\rubyk\\AppData\\Local\\Temp\\rust_mozprofileBT2bRZ"
console.warn: SearchSettings: "get: No settings file exists, new profile?" (new Error("", "(unknown module)"))
1621346730561	Marionette	INFO	Listening on port 56747
console.warn: SearchSettings: "get: No settings file exists, new profile?" (new Error("", "(unknown module)"))
1621346730680	Marionette	WARN	TLS certificate errors will be ignored for this session
1621346730702	Marionette	ERROR	[15] No reply from Marionette:Register
JavaScript warning: http://localhost/avactis/avactis-system/admin/signin.php, line 1: unreachable code after return statement
console.log: WebExtensions: reset-default-search: No addons in our list are installed.
1621347329349	Marionette	INFO	Stopped listening on port 56747

###!!! [Child][RunMessage] Error: Channel closing: too late to send/recv, messages will be lost

Temp\\rust_mozprofileRbNCCj"
console.warn: SearchSettings: "get: No settings file exists, new profile?" (new Error("", "(unknown module)"))
console.warn: SearchSettings: "get: No settings file exists, new profile?" (new Error("", "(unknown module)"))
1621346751473	Marionette	INFO	Listening on port 56830
1621346752090	Marionette	WARN	TLS certificate errors will be ignored for this session
1621346752335	Marionette	ERROR	[15] No reply from Marionette:Register
JavaScript error: https://platform.twitter.com/widgets/widget_iframe.06c6ee58c3810956b7509218508c7b56.html?origin=http%3A%2F%2Flocalhost, line 18: Error: Network error.
JavaScript error: https://platform.twitter.com/widgets/widget_iframe.06c6ee58c3810956b7509218508c7b56.html?origin=http%3A%2F%2Flocalhost, line 18: Error: Network error.
JavaScript error: https://platform.twitter.com/widgets/widget_iframe.06c6ee58c3810956b7509218508c7b56.html?origin=http%3A%2F%2Flocalhost, line 18: Error: Network error.
JavaScript error: https://platform.twitter.com/widgets/widget_iframe.06c6ee58c3810956b7509218508c7b56.html?origin=http%3A%2F%2Flocalhost, line 18: Error: Network error.
1621346779690	Marionette	INFO	Stopped listening on port 56830

###!!! [Child][RunMessage] Error: Channel closing: too late to send/recv, messages will be lost

1621346780664	geckodriver	INFO	Listening on 127.0.0.1:56929
1621346783673	mozrunner::runner	INFO	Running command: "C:\\Program Files\\Mozilla Firefox\\firefox.exe" "--marionette" "-foreground" "-no-remote" "-profile" "C:\\Users\\rubyk\\AppData\\Local\\Temp\\rust_mozprofileGH1mPK"
console.warn: SearchSettings: "get: No settings file exists, new profile?" (new Error("", "(unknown module)"))
1621346787302	Marionette	INFO	Listening on port 56937
1621346787434	Marionette	WARN	TLS certificate errors will be ignored for this session
1621346787451	Marionette	ERROR	[15] No reply from Marionette:Register
console.warn: SearchSettings: "get: No settings file exists, new profile?" (new Error("", "(unknown module)"))
JavaScript error: https://platform.twitter.com/widgets/widget_iframe.06c6ee58c3810956b7509218508c7b56.html?origin=http%3A%2F%2Flocalhost, line 18: Error: Network error.
JavaScript error: https://platform.twitter.com/widgets/widget_iframe.06c6ee58c3810956b7509218508c7b56.html?origin=http%3A%2F%2Flocalhost, line 18: Error: Network error.
JavaScript error: https://platform.twitter.com/widgets/widget_iframe.06c6ee58c3810956b7509218508c7b56.html?origin=http%3A%2F%2Flocalhost, line 18: Error: Network error.
JavaScript error: https://platform.twitter.com/widgets/widget_iframe.06c6ee58c3810956b7509218508c7b56.html?origin=http%3A%2F%2Flocalhost, line 18: Error: Network error.
JavaScript error: https://platform.twitter.com/widgets/widget_iframe.06c6ee58c3810956b7509218508c7b56.html?origin=http%3A%2F%2Flocalhost, line 18: Error: Network error.
JavaScript error: https://platform.twitter.com/widgets/widget_iframe.06c6ee58c3810956b7509218508c7b56.html?origin=http%3A%2F%2Flocalhost, line 18: Error: Network error.
JavaScript error: https://platform.twitter.com/widgets/widget_iframe.06c6ee58c3810956b7509218508c7b56.html?origin=http%3A%2F%2Flocalhost, line 18: Error: Network error.
JavaScript error: https://platform.twitter.com/widgets/widget_iframe.06c6ee58c3810956b7509218508c7b56.html?origin=http%3A%2F%2Flocalhost, line 18: Error: Network error.
JavaScript error: https://platform.twitter.com/widgets/widget_iframe.06c6ee58c3810956b7509218508c7b56.html?origin=http%3A%2F%2Flocalhost, line 18: Error: Network error.
JavaScript error: https://platform.twitter.com/widgets/widget_iframe.06c6ee58c3810956b7509218508c7b56.html?origin=http%3A%2F%2Flocalhost, line 18: Error: Network error.
JavaScript error: https://platform.twitter.com/widgets/widget_iframe.06c6ee58c3810956b7509218508c7b56.html?origin=http%3A%2F%2Flocalhost, line 18: Error: Network error.
JavaScript error: https://platform.twitter.com/widgets/widget_iframe.06c6ee58c3810956b7509218508c7b56.html?origin=http%3A%2F%2Flocalhost, line 18: Error: Network error.
JavaScript error: https://platform.twitter.com/widgets/widget_iframe.06c6ee58c3810956b7509218508c7b56.html?origin=http%3A%2F%2Flocalhost, line 18: Error: Network error.
JavaScript error: https://platform.twitter.com/widgets/widget_iframe.06c6ee58c3810956b7509218508c7b56.html?origin=http%3A%2F%2Flocalhost, line 18: Error: Network error.
JavaScript error: https://platform.twitter.com/widgets/widget_iframe.06c6ee58c3810956b7509218508c7b56.html?origin=http%3A%2F%2Flocalhost, line 18: Error: Network error.
JavaScript error: https://platform.twitter.com/widgets/widget_iframe.06c6ee58c3810956b7509218508c7b56.html?origin=http%3A%2F%2Flocalhost, line 18: Error: Network error.
JavaScript error: https://platform.twitter.com/widgets/widget_iframe.06c6ee58c3810956b7509218508c7b56.html?origin=http%3A%2F%2Flocalhost, line 18: Error: Network error.
JavaScript warning: http://localhost/Avactis/checkout.php, line 616: unreachable code after return statement
JavaScript error: https://platform.twitter.com/widgets/widget_iframe.06c6ee58c3810956b7509218508c7b56.html?origin=http%3A%2F%2Flocalhost, line 18: Error: Network error.
console.log: WebExtensions: reset-default-search: No addons in our list are installed.
1621347331432	Marionette	INFO	Stopped listening on port 56937
firefox.exe" "--marionette" "-foreground" "-no-remote" "-profile" "C:\\Users\\rubyk\\AppData\\Local\\Temp\\rust_mozprofile8aDP3y"
console.warn: SearchSettings: "get: No settings file exists, new profile?" (new Error("", "(unknown module)"))
1621346886251	Marionette	INFO	Listening on port 57096
1621346886516	Marionette	WARN	TLS certificate errors will be ignored for this session
1621346886534	Marionette	ERROR	[15] No reply from Marionette:Register
console.warn: SearchSettings: "get: No settings file exists, new profile?" (new Error("", "(unknown module)"))
JavaScript error: https://platform.twitter.com/widgets/widget_iframe.06c6ee58c3810956b7509218508c7b56.html?origin=http%3A%2F%2Flocalhost, line 18: Error: Network error.
JavaScript error: https://platform.twitter.com/widgets/widget_iframe.06c6ee58c3810956b7509218508c7b56.html?origin=http%3A%2F%2Flocalhost, line 18: Error: Network error.
JavaScript error: https://platform.twitter.com/widgets/widget_iframe.06c6ee58c3810956b7509218508c7b56.html?origin=http%3A%2F%2Flocalhost, line 18: Error: Network error.
JavaScript error: https://platform.twitter.com/widgets/widget_iframe.06c6ee58c3810956b7509218508c7b56.html?origin=http%3A%2F%2Flocalhost, line 18: Error: Network error.
JavaScript error: https://platform.twitter.com/widgets/widget_iframe.06c6ee58c3810956b7509218508c7b56.html?origin=http%3A%2F%2Flocalhost, line 18: Error: Network error.
JavaScript error: https://platform.twitter.com/widgets/widget_iframe.06c6ee58c3810956b7509218508c7b56.html?origin=http%3A%2F%2Flocalhost, line 18: Error: Network error.
JavaScript error: https://platform.twitter.com/widgets/widget_iframe.06c6ee58c3810956b7509218508c7b56.html?origin=http%3A%2F%2Flocalhost, line 18: Error: Network error.
JavaScript error: https://platform.twitter.com/widgets/widget_iframe.06c6ee58c3810956b7509218508c7b56.html?origin=http%3A%2F%2Flocalhost, line 18: Error: Network error.
JavaScript error: https://platform.twitter.com/widgets/widget_iframe.06c6ee58c3810956b7509218508c7b56.html?origin=http%3A%2F%2Flocalhost, line 18: Error: Network error.
JavaScript error: https://platform.twitter.com/widgets/widget_iframe.06c6ee58c3810956b7509218508c7b56.html?origin=http%3A%2F%2Flocalhost, line 18: Error: Network error.
JavaScript error: https://platform.twitter.com/widgets/widget_iframe.06c6ee58c3810956b7509218508c7b56.html?origin=http%3A%2F%2Flocalhost, line 18: Error: Network error.
1621347334130	Marionette	INFO	Stopped listening on port 57096
